
Showing logs for build [32mcb-kubecd-environment-pr-185-26-kckrh-1[0m stage [32mfrom-build-pack[0m and container [32mstep-credential-initializer-9bllt[0m
{"level":"warn","ts":1584641405.0311863,"logger":"fallback-logger","caller":"logging/config.go:69","msg":"Fetch GitHub commit ID from kodata failed: \"ref: refs/heads/0.8.0-**-support-backwards-incompats\" is not a valid GitHub commit ID"}
{"level":"info","ts":1584641405.0319135,"logger":"fallback-logger","caller":"creds-init/main.go:40","msg":"Credentials initialized."}

Showing logs for build [32mcb-kubecd-environment-pr-185-26-kckrh-1[0m stage [32mfrom-build-pack[0m and container [32mstep-working-dir-initializer-4hx2g[0m
{"level":"warn","ts":1584641405.4722664,"logger":"fallback-logger","caller":"logging/config.go:69","msg":"Fetch GitHub commit ID from kodata failed: open /var/run/ko/HEAD: no such file or directory"}
{"level":"info","ts":1584641405.474471,"logger":"fallback-logger","caller":"bash/main.go:64","msg":"Successfully executed command \"sh -c mkdir -p /workspace/source\"; output "}

Showing logs for build [32mcb-kubecd-environment-pr-185-26-kckrh-1[0m stage [32mfrom-build-pack[0m and container [32mstep-place-tools[0m

Showing logs for build [32mcb-kubecd-environment-pr-185-26-kckrh-1[0m stage [32mfrom-build-pack[0m and container [32mstep-git-source-cb-kubecd-environment-pr-185-26-kckrh-xp8nv[0m
{"level":"warn","ts":1584641408.6165626,"logger":"fallback-logger","caller":"logging/config.go:69","msg":"Fetch GitHub commit ID from kodata failed: \"ref: refs/heads/0.8.0-**-support-backwards-incompats\" is not a valid GitHub commit ID"}
{"level":"info","ts":1584641409.6930358,"logger":"fallback-logger","caller":"git/git.go:103","msg":"Successfully cloned https://github.com/cb-kubecd/environment-pr-185-26-boot-gke-staging.git @ master in path /workspace/source"}

Showing logs for build [32mcb-kubecd-environment-pr-185-26-kckrh-1[0m stage [32mfrom-build-pack[0m and container [32mstep-git-merge[0m
Using SHAs from PULL_REFS=master:ac9181af14ffef58bf2ee6846213920037fada62,7:f98accb33f85fc4f8474210e7e58fc33f0979f0b
DEBUG: LC_ALL=C JX_LOG_LEVEL=error git fetch origin --unshallow f98accb33f85fc4f8474210e7e58fc33f0979f0b: ac9181af14ffef58bf2ee6846213920037fada62:
DEBUG: ran git fetch --unshallow origin f98accb33f85fc4f8474210e7e58fc33f0979f0b: ac9181af14ffef58bf2ee6846213920037fada62: in 
DEBUG: LC_ALL=C JX_LOG_LEVEL=error git branch
DEBUG: LC_ALL=C JX_LOG_LEVEL=error git checkout master
DEBUG: ran git checkout master in 
DEBUG: JX_LOG_LEVEL=error LC_ALL=C git reset --hard ac9181af14ffef58bf2ee6846213920037fada62
DEBUG: ran git reset --hard ac9181af14ffef58bf2ee6846213920037fada62 in 
DEBUG: LC_ALL=C JX_LOG_LEVEL=error git clean -fd .
DEBUG: ran clean --force -d . in 
DEBUG: LC_ALL=C JX_LOG_LEVEL=error git merge f98accb33f85fc4f8474210e7e58fc33f0979f0b
DEBUG: ran git merge f98accb33f85fc4f8474210e7e58fc33f0979f0b in 
DEBUG: LC_ALL=C JX_LOG_LEVEL=error git log --format=%H%x1f%an%x1f%ae%x1f%cn%x1f%ce%x1f%s%n%b%x1e ac9181af14ffef58bf2ee6846213920037fada62..HEAD
Merged SHA f98accb33f85fc4f8474210e7e58fc33f0979f0b with commit message 'chore: Promote bdd-sbrp-import-1584640076 to version 0.0.1' into base branch master

Showing logs for build [32mcb-kubecd-environment-pr-185-26-kckrh-1[0m stage [32mfrom-build-pack[0m and container [32mstep-build-helm-build[0m
WARNING: No $CHART_REPOSITORY defined so using the default value of: http://jenkins-x-chartmuseum:8080
Adding missing Helm repo: storage.googleapis.com https://storage.googleapis.com/chartmuseum.jenkins-x.io
WARNING: No secrets found on "helm/repos" due: reading the secret "helm/repos" from vault: no secret "helm/repos" not found in vault
Read credentials for https://storage.googleapis.com/chartmuseum.jenkins-x.io from vault helm/repos
Successfully added Helm repository storage.googleapis.com.
Adding missing Helm repo: jenkins-x-chartmuseum http://jenkins-x-chartmuseum:8080
WARNING: No secrets found on "helm/repos" due: reading the secret "helm/repos" from vault: no secret "helm/repos" not found in vault
Read credentials for http://jenkins-x-chartmuseum:8080 from vault helm/repos
Successfully added Helm repository jenkins-x-chartmuseum.
WARNING: No $CHART_REPOSITORY defined so using the default value of: http://jenkins-x-chartmuseum:8080
Adding missing Helm repo: chartmuseum.jenkins-x.io http://chartmuseum.jenkins-x.io
WARNING: No secrets found on "helm/repos" due: reading the secret "helm/repos" from vault: no secret "helm/repos" not found in vault
Read credentials for http://chartmuseum.jenkins-x.io from vault helm/repos
Successfully added Helm repository chartmuseum.jenkins-x.io.
